\BOOKMARK [1][-]{section.1}{\376\377\174\173\124\214\133\371\214\141}{}% 1
\BOOKMARK [2][-]{subsection.1.1}{\376\377\227\142\124\021\133\371\214\141\166\204\172\013\136\217\213\276\213\241}{section.1}% 2
\BOOKMARK [2][-]{subsection.1.2}{\376\377\133\371\214\141\166\204\133\232\116\111\116\016\213\277\225\356}{section.1}% 3
\BOOKMARK [3][-]{subsubsection.1.2.1}{\376\377\174\173\116\016\133\371\214\141\166\204\133\232\116\111}{subsection.1.2}% 4
\BOOKMARK [3][-]{subsubsection.1.2.2}{\376\377\133\371\214\141\142\020\124\130\166\204\213\277\225\356}{subsection.1.2}% 5
\BOOKMARK [2][-]{subsection.1.3}{\376\377\174\173\166\204\147\204\220\040\121\375\145\160\116\016\147\220\147\204\121\375\145\160}{section.1}% 6
\BOOKMARK [3][-]{subsubsection.1.3.1}{\376\377\147\204\220\040\121\375\145\160}{subsection.1.3}% 7
\BOOKMARK [3][-]{subsubsection.1.3.2}{\376\377\147\220\147\204\121\375\145\160}{subsection.1.3}% 8
\BOOKMARK [3][-]{subsubsection.1.3.3}{\376\377\142\367\215\035\147\204\220\040\121\375\145\160}{subsection.1.3}% 9
\BOOKMARK [2][-]{subsection.1.4}{\376\377\133\371\214\141\166\204\214\003\165\050\137\142\137\017}{section.1}% 10
\BOOKMARK [3][-]{subsubsection.1.4.1}{\376\377\133\371\214\141\166\204\155\105\142\367\215\035\225\356\230\230}{subsection.1.4}% 11
\BOOKMARK [3][-]{subsubsection.1.4.2}{\376\377\133\371\214\141\145\160\176\304}{subsection.1.4}% 12
\BOOKMARK [3][-]{subsubsection.1.4.3}{\376\377\133\371\214\141\143\007\224\210}{subsection.1.4}% 13
\BOOKMARK [2][-]{subsection.1.5}{\376\377\121\161\165\050\145\160\143\156\166\204\117\335\142\244}{section.1}% 14
\BOOKMARK [3][-]{subsubsection.1.5.1}{\376\377\000c\000o\000n\000s\000t\136\070\174\173\127\213}{subsection.1.5}% 15
\BOOKMARK [3][-]{subsubsection.1.5.2}{\376\377\227\131\140\001\142\020\124\130}{subsection.1.5}% 16
\BOOKMARK [2][-]{subsection.1.6}{\376\377\174\173\166\204\176\347\142\177\116\016\155\076\165\037}{section.1}% 17
\BOOKMARK [3][-]{subsubsection.1.6.1}{\376\377\155\076\165\037\174\173\166\204\130\360\146\016}{subsection.1.6}% 18
\BOOKMARK [3][-]{subsubsection.1.6.2}{\376\377\155\076\165\037\174\173\166\204\147\204\220\040\121\375\145\160\124\214\147\220\147\204\121\375\145\160}{subsection.1.6}% 19
\BOOKMARK [3][-]{subsubsection.1.6.3}{\376\377\131\032\221\315\176\347\142\177\166\204\124\014\124\015\211\206\166\326\116\016\206\132\127\372\174\173}{subsection.1.6}% 20
\BOOKMARK [3][-]{subsubsection.1.6.4}{\376\377\127\372\174\173\116\016\155\076\165\037\174\173\166\204\121\174\133\271\211\304\122\031}{subsection.1.6}% 21
\BOOKMARK [1][-]{section.2}{\376\377\155\210\140\157}{}% 22
\BOOKMARK [2][-]{subsection.2.1}{\376\377\217\320\173\227\173\046\221\315\217\175}{section.2}% 23
\BOOKMARK [3][-]{subsubsection.2.1.1}{\376\377\142\020\124\130\217\320\173\227\173\046\121\375\145\160}{subsection.2.1}% 24
\BOOKMARK [3][-]{subsubsection.2.1.2}{\376\377\123\313\121\103\217\320\173\227\173\046\121\375\145\160}{subsection.2.1}% 25
\BOOKMARK [3][-]{subsubsection.2.1.3}{\376\377\217\320\173\227\173\046\221\315\217\175\166\204\136\224\165\050\133\236\117\213}{subsection.2.1}% 26
\BOOKMARK [2][-]{subsection.2.2}{\376\377\145\160\143\156\174\173\127\213\217\154\143\142}{section.2}% 27
\BOOKMARK [3][-]{subsubsection.2.2.1}{\376\377\217\154\143\142\147\204\220\040\121\375\145\160}{subsection.2.2}% 28
\BOOKMARK [3][-]{subsubsection.2.2.2}{\376\377\174\173\127\213\217\154\143\142\217\320\173\227\173\046}{subsection.2.2}% 29
\BOOKMARK [3][-]{subsubsection.2.2.3}{\376\377\174\173\127\213\217\154\143\142\121\262\172\201}{subsection.2.2}% 30
\BOOKMARK [2][-]{subsection.2.3}{\376\377\131\032\140\001\140\047\116\016\206\132\121\375\145\160}{section.2}% 31
\BOOKMARK [3][-]{subsubsection.2.3.1}{\376\377\206\132\121\375\145\160\116\016\122\250\140\001\176\321\133\232}{subsection.2.3}% 32
\BOOKMARK [3][-]{subsubsection.2.3.2}{\376\377\176\257\206\132\121\375\145\160\116\016\142\275\214\141\174\173}{subsection.2.3}% 33
\BOOKMARK [3][-]{subsubsection.2.3.3}{\376\377\131\032\140\001\140\047}{subsection.2.3}% 34
\BOOKMARK [1][-]{section.3}{\376\377\135\345\121\167}{}% 35
\BOOKMARK [2][-]{subsection.3.1}{\376\377\217\223\121\145\217\223\121\372\155\101}{section.3}% 36
\BOOKMARK [3][-]{subsubsection.3.1.1}{\376\377\000C\000+\000+\166\204\000I\000/\000O\155\101\176\323\147\204}{subsection.3.1}% 37
\BOOKMARK [3][-]{subsubsection.3.1.2}{\376\377\150\007\121\306\000I\000/\000O\155\101\144\315\117\134}{subsection.3.1}% 38
\BOOKMARK [3][-]{subsubsection.3.1.3}{\376\377\145\207\116\366\000I\000/\000O\155\101\144\315\117\134}{subsection.3.1}% 39
\BOOKMARK [3][-]{subsubsection.3.1.4}{\376\377\133\127\116\062\000I\000/\000O\155\101\144\315\117\134}{subsection.3.1}% 40
\BOOKMARK [2][-]{subsection.3.2}{\376\377\137\002\136\070\131\004\164\006}{section.3}% 41
\BOOKMARK [2][-]{subsection.3.3}{\376\377\124\175\124\015\172\172\225\364}{section.3}% 42
\BOOKMARK [2][-]{subsection.3.4}{\376\377\152\041\147\177\124\214\133\271\126\150}{section.3}% 43
\BOOKMARK [3][-]{subsubsection.3.4.1}{\376\377\121\375\145\160\152\041\147\177\124\214\174\173\152\041\147\177}{subsection.3.4}% 44
\BOOKMARK [3][-]{subsubsection*.10}{\376\377\000[\0000\000p\000t\000]\000[\000r\000]\000*\0003\000.\0004\000.\0002\000\040\000S\000T\000L\116\016\133\271\126\150}{subsection.3.4}% 45
