\BOOKMARK [1][-]{section.1}{\376\377\162\133\230\177\122\233\133\146}{}% 1
\BOOKMARK [2][-]{subsection.1.1}{\376\377\215\050\160\271\217\320\122\250\133\146}{section.1}% 2
\BOOKMARK [3][-]{subsubsection.1.1.1}{\376\377\166\364\211\322\127\120\150\007\174\373\116\016\201\352\161\066\127\120\150\007\174\373}{subsection.1.1}% 3
\BOOKMARK [3][-]{subsubsection.1.1.2}{\376\377\173\200\123\125\166\204\217\320\122\250\122\006\147\220}{subsection.1.1}% 4
\BOOKMARK [3][-]{subsubsection.1.1.3}{\376\377\166\370\133\371\217\320\122\250}{subsection.1.1}% 5
\BOOKMARK [2][-]{subsection.1.2}{\376\377\162\133\230\177\217\320\122\250\133\232\137\213}{section.1}% 6
\BOOKMARK [3][-]{subsubsection.1.2.1}{\376\377\162\133\230\177\133\232\137\213\116\016\140\357\140\047\174\373}{subsection.1.2}% 7
\BOOKMARK [3][-]{subsubsection.1.2.2}{\376\377\227\136\140\357\140\047\174\373\116\016\140\357\140\047\122\233}{subsection.1.2}% 8
\BOOKMARK [3][-]{subsubsection.1.2.3}{\376\377\217\154\122\250\123\302\200\003\174\373\116\055\166\204\171\273\137\303\122\233\124\214\171\321\221\314\131\145\122\051\122\233}{subsection.1.2}% 9
\BOOKMARK [3][-]{subsubsection*.4}{\376\377\000[\0000\000p\000t\000]\000[\000r\000]\000*\0001\000.\0002\000.\0004\116\000\116\052\131\015\147\102\133\236\117\213\377\032\157\156\154\120}{subsection.1.2}% 10
\BOOKMARK [2][-]{subsection.1.3}{\376\377\122\250\221\317\116\016\211\322\122\250\221\317}{section.1}% 11
\BOOKMARK [3][-]{subsubsection.1.3.1}{\376\377\122\233\116\016\122\250\221\317}{subsection.1.3}% 12
\BOOKMARK [3][-]{subsubsection.1.3.2}{\376\377\122\233\167\351\116\016\211\322\122\250\221\317}{subsection.1.3}% 13
\BOOKMARK [2][-]{subsection.1.4}{\376\377\122\237\124\214\200\375}{section.1}% 14
\BOOKMARK [3][-]{subsubsection.1.4.1}{\376\377\122\237\124\214\122\250\200\375}{subsection.1.4}% 15
\BOOKMARK [3][-]{subsubsection.1.4.2}{\376\377\117\335\133\210\122\233\116\016\122\277\200\375}{subsection.1.4}% 16
\BOOKMARK [3][-]{subsubsection.1.4.3}{\376\377\147\011\137\303\122\233\127\072}{subsection.1.4}% 17
\BOOKMARK [3][-]{subsubsection.1.4.4}{\376\377\164\006\140\363\155\101\117\123\166\204\172\063\133\232\155\101\122\250}{subsection.1.4}% 18
\BOOKMARK [2][-]{subsection.1.5}{\376\377\122\032\117\123\166\204\133\232\217\164\217\154\122\250}{section.1}% 19
\BOOKMARK [3][-]{subsubsection.1.5.1}{\376\377\122\032\117\123\133\232\217\164\217\154\122\250\133\232\137\213}{subsection.1.5}% 20
\BOOKMARK [3][-]{subsubsection.1.5.2}{\376\377\217\154\122\250\166\204\122\250\200\375\116\016\122\250\221\317}{subsection.1.5}% 21
\BOOKMARK [3][-]{subsubsection*.12}{\376\377\000[\0000\000p\000t\000]\000[\000r\000]\000*\0001\000.\0005\000.\0003\217\333\122\250}{subsection.1.5}% 22
\BOOKMARK [1][-]{section.2}{\376\377\162\355\116\111\166\370\133\371\213\272\127\372\170\100}{}% 23
\BOOKMARK [2][-]{subsection.2.1}{\376\377\162\133\230\177\145\366\172\172\211\302\116\016\117\075\122\051\165\145\123\330\143\142}{section.2}% 24
\BOOKMARK [3][-]{subsubsection.2.1.1}{\376\377\122\233\133\146\166\370\133\371\140\047\123\237\164\006}{subsection.2.1}% 25
\BOOKMARK [3][-]{subsubsection.2.1.2}{\376\377\117\075\122\051\165\145\123\330\143\142}{subsection.2.1}% 26
\BOOKMARK [2][-]{subsection.2.2}{\376\377\121\111\220\037\116\015\123\330\140\047\116\016\155\033\117\046\121\171\123\330\143\142}{section.2}% 27
\BOOKMARK [3][-]{subsubsection.2.2.1}{\376\377\162\355\116\111\166\370\133\371\213\272\166\204\127\372\147\054\120\107\213\276}{subsection.2.2}% 28
\BOOKMARK [3][-]{subsubsection.2.2.2}{\376\377\155\033\117\046\121\171\123\330\143\142}{subsection.2.2}% 29
\BOOKMARK [3][-]{subsubsection.2.2.3}{\376\377\224\237\141\142\145\110\136\224\116\016\134\072\177\051\145\110\136\224}{subsection.2.2}% 30
\BOOKMARK [3][-]{subsubsection.2.2.4}{\376\377\166\370\133\371\213\272\220\037\136\246\123\330\143\142}{subsection.2.2}% 31
\BOOKMARK [2][-]{subsection.2.3}{\376\377\166\370\133\371\213\272\116\013\166\204\215\050\221\317\060\001\122\250\221\317\060\001\200\375\221\317}{section.2}% 32
\BOOKMARK [3][-]{subsubsection.2.3.1}{\376\377\162\355\116\111\166\370\133\371\213\272\122\250\122\233\133\146}{subsection.2.3}% 33
\BOOKMARK [3][-]{subsubsection.2.3.2}{\376\377\166\370\133\371\213\272\140\047\200\375\221\317}{subsection.2.3}% 34
\BOOKMARK [3][-]{subsubsection*.14}{\376\377\000[\0000\000p\000t\000]\000[\000r\000]\000*\0002\000.\0003\000.\0003\166\370\133\371\213\272\166\204\122\250\221\317\116\016\200\375\221\317\123\330\143\142}{subsection.2.3}% 35
\BOOKMARK [1][-]{section.3}{\376\377\165\065\170\301\133\146}{}% 36
\BOOKMARK [2][-]{subsection.3.1}{\376\377\167\037\172\172\116\055\166\204\227\131\165\065\127\072}{section.3}% 37
\BOOKMARK [3][-]{subsubsection.3.1.1}{\376\377\165\065\203\167\166\370\116\222\117\134\165\050\116\016\165\065\127\072\166\204\137\025\121\145}{subsection.3.1}% 38
\BOOKMARK [3][-]{subsubsection.3.1.2}{\376\377\227\131\153\142\166\204\160\271\165\065\203\167\166\204\165\065\127\072\123\312\121\166\123\340\122\240}{subsection.3.1}% 39
\BOOKMARK [3][-]{subsubsection.3.1.3}{\376\377\000*\000E\166\204\232\330\145\257\133\232\164\006}{subsection.3.1}% 40
\BOOKMARK [2][-]{subsection.3.2}{\376\377\165\065\122\277\116\016\165\065\122\277\200\375}{section.3}% 41
\BOOKMARK [3][-]{subsubsection.3.2.1}{\376\377\227\131\165\065\127\072\166\204\117\335\133\210\140\047}{subsection.3.2}% 42
\BOOKMARK [3][-]{subsubsection.3.2.2}{\376\377\165\065\203\167\116\016\165\065\127\072\166\204\200\375\221\317}{subsection.3.2}% 43
\BOOKMARK [2][-]{subsection.3.3}{\376\377\227\131\165\065\127\072\116\055\166\204\133\374\117\123\116\016\176\335\177\030\117\123}{section.3}% 44
\BOOKMARK [3][-]{subsubsection.3.3.1}{\376\377\133\374\117\123\166\204\227\131\165\065\136\163\210\141\116\016\227\131\165\065\134\117\205\075}{subsection.3.3}% 45
\BOOKMARK [3][-]{subsubsection*.16}{\376\377\000[\0000\000p\000t\000]\000[\000r\000]\000*\0003\000.\0003\000.\0002\125\057\116\000\140\047\133\232\164\006}{subsection.3.3}% 46
\BOOKMARK [3][-]{subsubsection.3.3.3}{\376\377\165\065\116\313\215\050\166\204\147\201\123\026}{subsection.3.3}% 47
\BOOKMARK [3][-]{subsubsection.3.3.4}{\376\377\000*\000D\166\204\232\330\145\257\133\232\164\006}{subsection.3.3}% 48
\BOOKMARK [3][-]{subsubsection.3.3.5}{\376\377\227\131\165\065\127\072\166\204\165\114\227\142\121\163\174\373}{subsection.3.3}% 49
\BOOKMARK [2][-]{subsection.3.4}{\376\377\172\063\140\122\165\065\155\101}{section.3}% 50
\BOOKMARK [3][-]{subsubsection.3.4.1}{\376\377\172\063\140\122\165\065\155\101\116\016\172\063\140\122\165\065\127\072}{subsection.3.4}% 51
\BOOKMARK [3][-]{subsubsection.3.4.2}{\376\377\153\047\131\306\133\232\137\213\116\016\161\046\200\063\133\232\137\213}{subsection.3.4}% 52
\BOOKMARK [3][-]{subsubsection.3.4.3}{\376\377\165\065\122\250\122\277}{subsection.3.4}% 53
\BOOKMARK [2][-]{subsection.3.5}{\376\377\170\301\127\072\116\016\170\301\122\233\166\204\211\304\137\213}{section.3}% 54
\BOOKMARK [3][-]{subsubsection.3.5.1}{\376\377\170\301\127\072\166\204\211\304\137\213}{subsection.3.5}% 55
\BOOKMARK [3][-]{subsubsection.3.5.2}{\376\377\170\301\122\233\166\204\211\304\137\213}{subsection.3.5}% 56
\BOOKMARK [2][-]{subsection.3.6}{\376\377\170\301\127\072\116\055\166\204\170\301\116\313\215\050}{section.3}% 57
\BOOKMARK [3][-]{subsubsection.3.6.1}{\376\377\123\237\133\120\124\214\122\006\133\120\166\204\170\301\167\351}{subsection.3.6}% 58
\BOOKMARK [3][-]{subsubsection.3.6.2}{\376\377\170\301\116\313\215\050\166\204\170\301\123\026}{subsection.3.6}% 59
\BOOKMARK [3][-]{subsubsection.3.6.3}{\376\377\000*\000H\166\204\163\257\215\357\133\232\164\006}{subsection.3.6}% 60
\BOOKMARK [2][-]{subsection.3.7}{\376\377\165\065\170\301\141\037\136\224}{section.3}% 61
\BOOKMARK [2][-]{subsection.3.8}{\376\377\000M\000a\000x\000w\000e\000l\000l\165\065\170\301\164\006\213\272}{section.3}% 62
\BOOKMARK [3][-]{subsubsection.3.8.1}{\376\377\000M\000a\000x\000w\000e\000l\000l\145\271\172\013\176\304}{subsection.3.8}% 63
\BOOKMARK [3][-]{subsubsection.3.8.2}{\376\377\165\065\170\301\154\342}{subsection.3.8}% 64
\BOOKMARK [1][-]{appendix.A}{\376\377\137\305\211\201\166\204\145\160\133\146\121\306\131\007}{}% 65
\BOOKMARK [2][-]{subsection.A.1}{\376\377\167\342\221\317\217\320\173\227}{appendix.A}% 66
\BOOKMARK [3][-]{subsubsection.A.1.1}{\376\377\167\342\221\317\116\130\154\325}{subsection.A.1}% 67
\BOOKMARK [3][-]{subsubsection.A.1.2}{\376\377\167\342\221\317\137\256\122\006}{subsection.A.1}% 68
