\BOOKMARK [1][-]{section.1}{\376\377\165\065\215\357\127\372\147\054\151\202\137\365}{}% 1
\BOOKMARK [2][-]{subsection.1.1}{\376\377\165\065\215\357\116\016\165\065\156\220}{section.1}% 2
\BOOKMARK [2][-]{subsection.1.2}{\376\377\226\306\140\073\176\246\147\137\123\237\122\031}{section.1}% 3
\BOOKMARK [2][-]{subsection.1.3}{\376\377\226\073\140\047\165\065\215\357}{section.1}% 4
\BOOKMARK [3][-]{subsubsection.1.3.1}{\376\377\000K\000i\000r\000c\000h\000h\000o\000f\000f\000\040\133\232\137\213}{subsection.1.3}% 5
\BOOKMARK [3][-]{subsubsection.1.3.2}{\376\377\127\372\147\054\165\065\215\357\176\323\147\204}{subsection.1.3}% 6
\BOOKMARK [2][-]{subsection.1.4}{\376\377\165\065\215\357\122\006\147\220\145\271\154\325}{section.1}% 7
\BOOKMARK [3][-]{subsubsection.1.4.1}{\376\377\202\202\160\271\122\006\147\220\154\325}{subsection.1.4}% 8
\BOOKMARK [3][-]{subsubsection.1.4.2}{\376\377\163\257\215\357\122\006\147\220\154\325}{subsection.1.4}% 9
\BOOKMARK [2][-]{subsection.1.5}{\376\377\176\277\140\047\165\065\215\357\166\204\123\340\122\240\116\016\173\111\145\110}{section.1}% 10
\BOOKMARK [3][-]{subsubsection.1.5.1}{\376\377\176\277\140\047\123\340\122\240}{subsection.1.5}% 11
\BOOKMARK [3][-]{subsubsection.1.5.2}{\376\377\176\277\140\047\173\111\145\110}{subsection.1.5}% 12
\BOOKMARK [1][-]{section.2}{\376\377\165\065\133\271\060\001\165\065\141\037}{}% 13
\BOOKMARK [2][-]{subsection.2.1}{\376\377\165\065\133\271\126\150\116\016\165\065\141\037\126\150}{section.2}% 14
\BOOKMARK [3][-]{subsubsection.2.1.1}{\376\377\165\065\133\271}{subsection.2.1}% 15
\BOOKMARK [3][-]{subsubsection.2.1.2}{\376\377\165\065\141\037}{subsection.2.1}% 16
\BOOKMARK [2][-]{subsection.2.2}{\376\377\170\301\200\046\124\010\177\121\176\334}{section.2}% 17
\BOOKMARK [3][-]{subsubsection.2.2.1}{\376\377\116\222\141\037\126\150}{subsection.2.2}% 18
\BOOKMARK [3][-]{subsubsection.2.2.2}{\376\377\164\006\140\363\123\330\123\213\126\150}{subsection.2.2}% 19
\BOOKMARK [1][-]{section.3}{\376\377\176\277\140\047\165\065\215\357\176\374\124\010\122\006\147\220}{}% 20
\BOOKMARK [2][-]{subsection.3.1}{\376\377\167\254\140\001\165\065\215\357\122\006\147\220}{section.3}% 21
\BOOKMARK [3][-]{subsubsection.3.1.1}{\376\377\116\000\226\066\165\065\215\357}{subsection.3.1}% 22
\BOOKMARK [3][-]{subsubsection.3.1.2}{\376\377\116\214\226\066\165\065\215\357}{subsection.3.1}% 23
\BOOKMARK [2][-]{subsection.3.2}{\376\377\116\244\155\101\172\063\140\001\165\065\215\357\122\006\147\220}{section.3}% 24
\BOOKMARK [3][-]{subsubsection.3.2.1}{\376\377\131\015\157\300\122\261\121\375\145\160\116\016\226\073\142\227}{subsection.3.2}% 25
\BOOKMARK [3][-]{subsubsection.3.2.2}{\376\377\230\221\127\337\165\065\215\357\122\006\147\220}{subsection.3.2}% 26
\BOOKMARK [3][-]{subsubsection.3.2.3}{\376\377\000B\000o\000d\000e\126\376}{subsection.3.2}% 27
\BOOKMARK [2][-]{subsection.3.3}{\376\377\123\314\172\357\123\343\177\121\176\334}{section.3}% 28
\BOOKMARK [3][-]{subsubsection.3.3.1}{\376\377\123\314\172\357\123\343\177\121\176\334\166\204\123\302\145\160\116\016\123\330\221\317}{subsection.3.3}% 29
\BOOKMARK [3][-]{subsubsection.3.3.2}{\376\377\123\314\172\357\123\343\177\121\176\334\166\204\217\336\143\245}{subsection.3.3}% 30
\BOOKMARK [1][-]{section.4}{\376\377\227\136\176\277\140\047\126\150\116\366}{}% 31
\BOOKMARK [2][-]{subsection.4.1}{\376\377\000p\000n\176\323\116\016\116\214\147\201\173\241}{section.4}% 32
\BOOKMARK [3][-]{subsubsection.4.1.1}{\376\377\000p\127\213\123\112\133\374\117\123\116\016\000n\127\213\123\112\133\374\117\123}{subsection.4.1}% 33
\BOOKMARK [3][-]{subsubsection.4.1.2}{\376\377\000p\000n\176\323}{subsection.4.1}% 34
\BOOKMARK [3][-]{subsubsection.4.1.3}{\376\377\000p\000n\176\323\116\214\147\201\173\241}{subsection.4.1}% 35
\BOOKMARK [3][-]{subsubsection.4.1.4}{\376\377\162\171\153\212\166\204\116\214\147\201\173\241}{subsection.4.1}% 36
\BOOKMARK [2][-]{subsection.4.2}{\376\377\123\314\147\201\176\323\137\017\146\166\117\123\173\241\377\010\000B\000J\000T\377\011}{section.4}% 37
\BOOKMARK [3][-]{subsubsection.4.2.1}{\376\377\000B\000J\000T\166\204\176\323\147\204\116\016\123\237\164\006}{subsection.4.2}% 38
\BOOKMARK [3][-]{subsubsection.4.2.2}{\376\377\000B\000J\000T\166\204\172\357\123\343\162\171\140\047}{subsection.4.2}% 39
\BOOKMARK [3][-]{subsubsection.4.2.3}{\376\377\000B\000J\000T\166\364\155\101\122\006\147\220}{subsection.4.2}% 40
\BOOKMARK [3][-]{subsubsection.4.2.4}{\376\377\000B\000J\000T\116\244\155\101\122\006\147\220}{subsection.4.2}% 41
\BOOKMARK [2][-]{subsection.4.3}{\376\377\221\321\134\136\040\024\154\047\123\026\162\151\040\024\123\112\133\374\117\123\127\072\145\110\136\224\146\166\117\123\173\241\377\010\000M\000O\000S\000F\000E\000T\377\011}{section.4}% 42
\BOOKMARK [3][-]{subsubsection.4.3.1}{\376\377\000M\000O\000S\000F\000E\000T\166\204\176\323\147\204\116\016\123\237\164\006}{subsection.4.3}% 43
\BOOKMARK [3][-]{subsubsection.4.3.2}{\376\377\000M\000O\000S\000F\000E\000T\166\204\172\357\123\343\162\171\140\047}{subsection.4.3}% 44
\BOOKMARK [3][-]{subsubsection.4.3.3}{\376\377\000M\000O\000S\000F\000E\000T\166\204\116\244\155\101\130\236\166\312}{subsection.4.3}% 45
\BOOKMARK [3][-]{subsubsection.4.3.4}{\376\377\000M\000O\000S\000F\000E\000T\166\204\230\221\163\207\124\315\136\224}{subsection.4.3}% 46
\BOOKMARK [2][-]{subsection.4.4}{\376\377\146\166\117\123\173\241\152\041\127\127\133\236\117\213}{section.4}% 47
\BOOKMARK [3][-]{subsubsection.4.4.1}{\376\377\165\065\155\101\225\134}{subsection.4.4}% 48
\BOOKMARK [3][-]{subsubsection.4.4.2}{\376\377\135\356\122\006\133\371}{subsection.4.4}% 49
\BOOKMARK [1][-]{section.5}{\376\377\217\320\173\227\145\076\131\047\126\150\116\016\123\315\231\210\213\276\213\241}{}% 50
\BOOKMARK [2][-]{subsection.5.1}{\376\377\217\320\173\227\145\076\131\047\126\150}{section.5}% 51
\BOOKMARK [2][-]{subsection.5.2}{\376\377\217\320\173\227\145\076\131\047\126\150\116\012\166\204\123\315\231\210\126\336\215\357}{section.5}% 52
\BOOKMARK [3][-]{subsubsection.5.2.1}{\376\377\123\315\166\370\225\355\163\257\176\304\140\001}{subsection.5.2}% 53
\BOOKMARK [3][-]{subsubsection.5.2.2}{\376\377\124\014\166\370\225\355\163\257\176\304\140\001}{subsection.5.2}% 54
\BOOKMARK [1][-]{section.6}{\376\377\165\065\215\357\136\224\165\050\210\124\143\245}{}% 55
\BOOKMARK [2][-]{subsection.6.1}{\376\377\000C\000M\000O\000S\145\160\133\127\220\073\217\221\165\065\215\357}{section.6}% 56
\BOOKMARK [3][-]{subsubsection.6.1.1}{\376\377\000C\000M\000O\000S\123\315\166\370\126\150}{subsection.6.1}% 57
\BOOKMARK [3][-]{subsubsection.6.1.2}{\376\377\000C\000M\000O\000S\220\073\217\221\225\350\165\065\215\357}{subsection.6.1}% 58
\BOOKMARK [3][-]{subsubsection.6.1.3}{\376\377\145\160\133\127\137\000\121\163\116\016\122\250\140\001\220\073\217\221\165\065\215\357}{subsection.6.1}% 59
\BOOKMARK [3][-]{subsubsection.6.1.4}{\376\377\123\315\231\210\126\336\215\357\116\016\133\130\120\250\165\065\215\357}{subsection.6.1}% 60
\BOOKMARK [2][-]{subsection.6.2}{\376\377\143\057\203\141\165\065\215\357}{section.6}% 61
\BOOKMARK [3][-]{subsubsection.6.2.1}{\376\377\215\037\226\073\120\074\116\016\143\057\203\141\126\150}{subsection.6.2}% 62
\BOOKMARK [1][-]{appendix.A}{\376\377\136\070\211\301\213\315\154\107\116\055\202\361\145\207\133\371\161\147\210\150}{}% 63
\BOOKMARK [1][-]{appendix.B}{\376\377\000C\000a\000d\000e\000n\000c\000e\000\040\000V\000i\000r\000t\000u\000o\000s\000o\165\065\215\357\116\377\167\037\127\372\147\054\165\050\154\325}{}% 64
\BOOKMARK [2][-]{subsection.B.1}{\376\377\124\057\122\250}{appendix.B}% 65
\BOOKMARK [3][-]{subsubsection.B.1.1}{\376\377\217\336\143\245\000M\000o\000b\000a\000X\000t\000e\000r\000m\147\015\122\241\126\150}{subsection.B.1}% 66
\BOOKMARK [3][-]{subsubsection.B.1.2}{\376\377\145\260\136\372\000V\000i\000r\000t\000u\000o\000s\000o\136\223}{subsection.B.1}% 67
\BOOKMARK [3][-]{subsubsection.B.1.3}{\376\377\145\260\136\372\000C\000e\000l\000l\126\376}{subsection.B.1}% 68
\BOOKMARK [2][-]{subsection.B.2}{\376\377\176\330\126\376}{appendix.B}% 69
\BOOKMARK [3][-]{subsubsection.B.2.1}{\376\377\137\000\121\163}{subsection.B.2}% 70
