\BOOKMARK [1][-]{section.7}{\376\377\136\070\145\160\230\171\176\247\145\160}{}% 1
\BOOKMARK [2][-]{subsection.7.1}{\376\377\145\340\172\167\176\247\145\160\166\204\127\372\147\054\140\047\215\050}{section.7}% 2
\BOOKMARK [2][-]{subsection.7.2}{\376\377\145\160\230\171\176\247\145\160\166\204\122\044\145\133\154\325\122\031}{section.7}% 3
\BOOKMARK [3][-]{subsubsection.7.2.1}{\376\377\145\160\122\027\210\115\165\037\166\204\122\044\145\133\154\325\122\031}{subsection.7.2}% 4
\BOOKMARK [3][-]{subsubsection.7.2.2}{\376\377\153\324\217\203\060\001\153\324\163\207\060\001\150\071\120\074\122\044\122\053\154\325}{subsection.7.2}% 5
\BOOKMARK [3][-]{subsubsection.7.2.3}{\376\377\116\000\202\054\145\160\230\171\176\247\145\160\166\204\122\044\145\133\154\325\122\031}{subsection.7.2}% 6
\BOOKMARK [1][-]{section.8}{\376\377\121\375\145\160\230\171\176\247\145\160}{}% 7
\BOOKMARK [2][-]{subsection.8.1}{\376\377\121\375\145\160\122\027\116\016\121\375\145\160\230\171\176\247\145\160\166\204\145\066\145\133\140\047}{section.8}% 8
\BOOKMARK [2][-]{subsection.8.2}{\376\377\116\000\201\364\145\066\145\133\166\204\121\375\145\160\230\171\176\247\145\160\166\204\124\214\121\375\145\160\166\204\140\047\215\050}{section.8}% 9
\BOOKMARK [2][-]{subsection.8.3}{\376\377\136\102\176\247\145\160}{section.8}% 10
\BOOKMARK [3][-]{subsubsection.8.3.1}{\376\377\136\102\176\247\145\160\166\204\145\066\145\133\123\112\137\204}{subsection.8.3}% 11
\BOOKMARK [3][-]{subsubsection.8.3.2}{\376\377\136\102\176\247\145\160\166\204\140\047\215\050}{subsection.8.3}% 12
\BOOKMARK [3][-]{subsubsection.8.3.3}{\376\377\136\102\176\247\145\160\134\125\137\000}{subsection.8.3}% 13
\BOOKMARK [2][-]{subsection.8.4}{\376\377\000F\000o\000u\000r\000i\000e\000r\176\247\145\160}{section.8}% 14
\BOOKMARK [3][-]{subsubsection.8.4.1}{\376\377\137\142\137\017\000F\000o\000u\000r\000i\000e\000r\176\247\145\160}{subsection.8.4}% 15
\BOOKMARK [3][-]{subsubsection.8.4.2}{\376\377\000F\000o\000u\000r\000i\000e\000r\176\247\145\160\166\204\140\047\215\050\123\312\145\066\145\133\140\047}{subsection.8.4}% 16
\BOOKMARK [3][-]{subsubsection.8.4.3}{\376\377\000F\000o\000u\000r\000i\000e\000r\176\247\145\160\166\204\136\163\145\271\136\163\127\107\145\066\145\133}{subsection.8.4}% 17
\BOOKMARK [1][-]{section.9}{\376\377\131\032\121\103\121\375\145\160\123\312\121\166\217\336\176\355\140\047}{}% 18
\BOOKMARK [2][-]{subsection.9.1}{\376\377\000E\000u\000c\000l\000i\000d\000\040\172\172\225\364}{section.9}% 19
\BOOKMARK [3][-]{subsubsection.9.1.1}{\376\377\000R\000n\166\204\142\323\142\121\140\047\215\050}{subsection.9.1}% 20
\BOOKMARK [3][-]{subsubsection.9.1.2}{\376\377\000R\000n\116\055\160\271\122\027\166\204\145\066\145\133}{subsection.9.1}% 21
\BOOKMARK [2][-]{subsection.9.2}{\376\377\000n\121\103\121\375\145\160\116\016\000n\121\103\124\021\221\317\120\074\121\375\145\160}{section.9}% 22
\BOOKMARK [3][-]{subsubsection.9.2.1}{\376\377\131\032\121\103\121\375\145\160\166\204\147\201\226\120}{subsection.9.2}% 23
\BOOKMARK [3][-]{subsubsection.9.2.2}{\376\377\131\032\121\103\121\375\145\160\166\204\217\336\176\355\140\047}{subsection.9.2}% 24
\BOOKMARK [1][-]{section.10}{\376\377\131\032\121\103\121\375\145\160\137\256\122\006\133\146}{}% 25
\BOOKMARK [2][-]{subsection.10.1}{\376\377\120\117\133\374\145\160\116\016\121\150\137\256\122\006}{section.10}% 26
\BOOKMARK [3][-]{subsubsection.10.1.1}{\376\377\131\032\121\103\121\375\145\160\166\204\123\357\137\256\140\047}{subsection.10.1}% 27
\BOOKMARK [3][-]{subsubsection.10.1.2}{\376\377\131\032\121\103\121\375\145\160\166\204\123\357\133\374\140\047}{subsection.10.1}% 28
\BOOKMARK [3][-]{subsubsection.10.1.3}{\376\377\131\032\121\103\121\375\145\160\166\204\217\336\176\355\123\357\133\374\140\047}{subsection.10.1}% 29
\BOOKMARK [3][-]{subsubsection.10.1.4}{\376\377\124\021\221\317\120\074\121\375\145\160\166\204\137\256\122\006}{subsection.10.1}% 30
\BOOKMARK [2][-]{subsection.10.2}{\376\377\162\171\153\212\133\374\145\160\166\204\213\241\173\227}{section.10}% 31
\BOOKMARK [3][-]{subsubsection.10.2.1}{\376\377\145\271\124\021\133\374\145\160}{subsection.10.2}% 32
\BOOKMARK [3][-]{subsubsection.10.2.2}{\376\377\232\330\226\066\120\117\133\374\145\160}{subsection.10.2}% 33
\BOOKMARK [3][-]{subsubsection.10.2.3}{\376\377\131\015\124\010\121\375\145\160\166\204\120\117\133\374\145\160}{subsection.10.2}% 34
\BOOKMARK [3][-]{subsubsection.10.2.4}{\376\377\226\220\121\375\145\160\166\204\133\374\145\160}{subsection.10.2}% 35
\BOOKMARK [3][-]{subsubsection.10.2.5}{\376\377\123\315\121\375\145\160\166\204\133\374\145\160}{subsection.10.2}% 36
\BOOKMARK [2][-]{subsection.10.3}{\376\377\131\032\121\103\121\375\145\160\166\204\000T\000a\000y\000l\000o\000r\134\125\137\017}{section.10}% 37
\BOOKMARK [2][-]{subsection.10.4}{\376\377\131\032\121\103\121\375\145\160\166\204\147\201\120\074\116\016\147\141\116\366\147\201\120\074}{section.10}% 38
\BOOKMARK [3][-]{subsubsection.10.4.1}{\376\377\147\201\120\074\116\016\000\040\000H\000e\000s\000s\000i\000a\000n\167\351\226\065\166\204\153\143\133\232\140\047}{subsection.10.4}% 39
\BOOKMARK [3][-]{subsubsection.10.4.2}{\376\377\147\141\116\366\147\201\120\074\116\016\000\040\000L\000a\000g\000r\000a\000n\000g\000e\116\130\145\160\154\325}{subsection.10.4}% 40
\BOOKMARK [2][-]{subsection.10.5}{\376\377\146\362\227\142\116\016\146\362\176\277}{section.10}% 41
\BOOKMARK [3][-]{subsubsection.10.5.1}{\376\377\146\362\227\142\166\204\210\150\171\072}{subsection.10.5}% 42
\BOOKMARK [3][-]{subsubsection.10.5.2}{\376\377\172\172\225\364\146\362\176\277\166\204\210\150\171\072}{subsection.10.5}% 43
\BOOKMARK [1][-]{section.11}{\376\377\131\032\121\103\121\375\145\160\171\357\122\006\133\146}{}% 44
\BOOKMARK [2][-]{subsection.11.1}{\376\377\000n\221\315\171\357\122\006}{section.11}% 45
\BOOKMARK [2][-]{subsection.11.2}{\376\377\116\214\221\315\171\357\122\006\166\204\213\241\173\227}{section.11}% 46
\BOOKMARK [3][-]{subsubsection.11.2.1}{\376\377\166\364\211\322\127\120\150\007\174\373\116\013\166\204\116\214\221\315\171\357\122\006}{subsection.11.2}% 47
\BOOKMARK [3][-]{subsubsection.11.2.2}{\376\377\147\201\127\120\150\007\174\373\116\013\166\204\116\214\221\315\171\357\122\006}{subsection.11.2}% 48
\BOOKMARK [2][-]{subsection.11.3}{\376\377\116\011\221\315\171\357\122\006\166\204\213\241\173\227}{section.11}% 49
\BOOKMARK [3][-]{subsubsection.11.3.1}{\376\377\172\172\225\364\166\364\211\322\127\120\150\007\174\373\116\013\166\204\116\011\221\315\171\357\122\006}{subsection.11.3}% 50
\BOOKMARK [3][-]{subsubsection.11.3.2}{\376\377\147\361\127\120\150\007\174\373\116\013\166\204\116\011\221\315\171\357\122\006}{subsection.11.3}% 51
\BOOKMARK [3][-]{subsubsection.11.3.3}{\376\377\164\003\127\120\150\007\174\373\116\013\166\204\116\011\221\315\171\357\122\006}{subsection.11.3}% 52
\BOOKMARK [2][-]{subsection.11.4}{\376\377\221\315\171\357\122\006\166\204\162\151\164\006\116\016\121\340\117\125\136\224\165\050}{section.11}% 53
\BOOKMARK [3][-]{subsubsection.11.4.1}{\376\377\162\151\117\123\166\204\221\315\137\303\377\010\215\050\137\303\377\011\116\016\137\142\137\303\225\356\230\230}{subsection.11.4}% 54
\BOOKMARK [3][-]{subsubsection.11.4.2}{\376\377\172\172\225\364\146\362\227\142\166\204\227\142\171\357\225\356\230\230}{subsection.11.4}% 55
\BOOKMARK [2][-]{subsection.11.5}{\376\377\146\362\176\277\146\362\227\142\171\357\122\006}{section.11}% 56
\BOOKMARK [3][-]{subsubsection.11.5.1}{\376\377\173\054\116\000\174\173\146\362\176\277\171\357\122\006}{subsection.11.5}% 57
\BOOKMARK [3][-]{subsubsection.11.5.2}{\376\377\173\054\116\000\174\173\146\362\227\142\171\357\122\006}{subsection.11.5}% 58
\BOOKMARK [3][-]{subsubsection.11.5.3}{\376\377\173\054\116\214\174\173\146\362\176\277\171\357\122\006}{subsection.11.5}% 59
\BOOKMARK [3][-]{subsubsection.11.5.4}{\376\377\173\054\116\214\174\173\146\362\227\142\171\357\122\006}{subsection.11.5}% 60
\BOOKMARK [2][-]{subsection.11.6}{\376\377\127\072\213\272}{section.11}% 61
\BOOKMARK [3][-]{subsubsection.11.6.1}{\376\377\136\163\227\142\116\012\173\054\116\214\174\173\146\362\176\277\171\357\122\006\116\016\215\357\137\204\166\204\145\340\121\163\140\047}{subsection.11.6}% 62
\BOOKMARK [3][-]{subsubsection.11.6.2}{\376\377\147\011\122\277\127\072\124\214\122\277\121\375\145\160}{subsection.11.6}% 63
\BOOKMARK [2][-]{subsection.11.7}{\376\377\124\053\123\302\171\357\122\006}{section.11}% 64
\BOOKMARK [3][-]{subsubsection.11.7.1}{\376\377\217\320\173\227\153\041\136\217\123\357\116\244\143\142\140\047}{subsection.11.7}% 65
\BOOKMARK [3][-]{subsubsection*.15}{\376\377\000[\0000\000p\000t\000]\000[\000r\000]\000*\0001\0001\000.\0007\000.\0002\136\177\116\111\124\053\123\302\171\357\122\006}{subsection.11.7}% 66
\BOOKMARK [3][-]{subsubsection.11.7.3}{\376\377\000G\000a\000m\000m\000a\000\040\121\375\145\160\000\040\124\214\000\040\000B\000e\000t\000a\000\040\121\375\145\160}{subsection.11.7}% 67
